# JRE version: OpenJDK Runtime Environment (17.0.9) (build 17.0.9+0--11185874)
# Java VM: OpenJDK 64-Bit Server VM (17.0.9+0--11185874, mixed mode, tiered, compressed oops, compressed class ptrs, g1 gc, windows-amd64)
GC Precious Log:
 CPUs: 8 total, 8 available
 Memory: 7834M
 Large Page Support: Disabled
 NUMA Support: Disabled
 Compressed Oops: Enabled (32-bit)
 Heap Region Size: 1M
 Heap Min Capacity: 8M
 Heap Initial Capacity: 124M
 Heap Max Capacity: 1960M
 Pre-touch: Disabled
 Parallel Workers: 8
 Concurrent Workers: 2
 Concurrent Refinement Workers: 8
 Periodic GC: Disabled
Heap:
 garbage-first heap   total 147456K, used 84405K [0x0000000085800000, 0x0000000100000000)
  region size 1024K, 1 young (1024K), 1 survivors (1024K)
 Metaspace       used 83989K, committed 84352K, reserved 1179648K
  class space    used 9433K, committed 9600K, reserved 1048576K
GC Heap History (20 events):
Event: 2.994 GC heap after
{Heap after GC invocations=13 (full 0):
 garbage-first heap   total 104448K, used 39181K [0x0000000085800000, 0x0000000100000000)
  region size 1024K, 3 young (3072K), 3 survivors (3072K)
 Metaspace       used 54426K, committed 54720K, reserved 1114112K
  class space    used 6513K, committed 6656K, reserved 1048576K
}
Event: 3.692 GC heap before
{Heap before GC invocations=13 (full 0):
 garbage-first heap   total 104448K, used 78093K [0x0000000085800000, 0x0000000100000000)
  region size 1024K, 41 young (41984K), 3 survivors (3072K)
 Metaspace       used 57451K, committed 57792K, reserved 1114112K
  class space    used 6743K, committed 6912K, reserved 1048576K
}
Event: 3.713 GC heap after
{Heap after GC invocations=14 (full 0):
 garbage-first heap   total 104448K, used 46941K [0x0000000085800000, 0x0000000100000000)
  region size 1024K, 6 young (6144K), 6 survivors (6144K)
 Metaspace       used 57451K, committed 57792K, reserved 1114112K
  class space    used 6743K, committed 6912K, reserved 1048576K
}
Event: 3.982 GC heap before
{Heap before GC invocations=14 (full 0):
 garbage-first heap   total 104448K, used 77661K [0x0000000085800000, 0x0000000100000000)
  region size 1024K, 36 young (36864K), 6 survivors (6144K)
 Metaspace       used 57881K, committed 58176K, reserved 1114112K
  class space    used 6762K, committed 6912K, reserved 1048576K
}
Event: 4.003 GC heap after
{Heap after GC invocations=15 (full 0):
 garbage-first heap   total 104448K, used 52947K [0x0000000085800000, 0x0000000100000000)
  region size 1024K, 5 young (5120K), 5 survivors (5120K)
 Metaspace       used 57881K, committed 58176K, reserved 1114112K
  class space    used 6762K, committed 6912K, reserved 1048576K
}
Event: 4.088 GC heap before
{Heap before GC invocations=15 (full 0):
 garbage-first heap   total 104448K, used 79571K [0x0000000085800000, 0x0000000100000000)
  region size 1024K, 31 young (31744K), 5 survivors (5120K)
 Metaspace       used 58075K, committed 58304K, reserved 1114112K
  class space    used 6783K, committed 6912K, reserved 1048576K
}
Event: 4.099 GC heap after
{Heap after GC invocations=16 (full 0):
 garbage-first heap   total 147456K, used 54784K [0x0000000085800000, 0x0000000100000000)
  region size 1024K, 1 young (1024K), 1 survivors (1024K)
 Metaspace       used 58075K, committed 58304K, reserved 1114112K
  class space    used 6783K, committed 6912K, reserved 1048576K
}
Event: 4.838 GC heap before
{Heap before GC invocations=17 (full 0):
 garbage-first heap   total 147456K, used 108032K [0x0000000085800000, 0x0000000100000000)
  region size 1024K, 53 young (54272K), 1 survivors (1024K)
 Metaspace       used 63426K, committed 63744K, reserved 1114112K
  class space    used 7559K, committed 7680K, reserved 1048576K
}
Event: 4.846 GC heap after
{Heap after GC invocations=18 (full 0):
 garbage-first heap   total 147456K, used 58596K [0x0000000085800000, 0x0000000100000000)
  region size 1024K, 5 young (5120K), 5 survivors (5120K)
 Metaspace       used 63426K, committed 63744K, reserved 1114112K
  class space    used 7559K, committed 7680K, reserved 1048576K
}
Event: 6.759 GC heap before
{Heap before GC invocations=18 (full 0):
 garbage-first heap   total 147456K, used 115940K [0x0000000085800000, 0x0000000100000000)
  region size 1024K, 61 young (62464K), 5 survivors (5120K)
 Metaspace       used 67071K, committed 67328K, reserved 1114112K
  class space    used 7690K, committed 7808K, reserved 1048576K
}
Event: 6.773 GC heap after
{Heap after GC invocations=19 (full 0):
 garbage-first heap   total 147456K, used 65892K [0x0000000085800000, 0x0000000100000000)
  region size 1024K, 8 young (8192K), 8 survivors (8192K)
 Metaspace       used 67071K, committed 67328K, reserved 1114112K
  class space    used 7690K, committed 7808K, reserved 1048576K
}
Event: 7.580 GC heap before
{Heap before GC invocations=19 (full 0):
 garbage-first heap   total 147456K, used 115044K [0x0000000085800000, 0x0000000100000000)
  region size 1024K, 56 young (57344K), 8 survivors (8192K)
 Metaspace       used 74183K, committed 74496K, reserved 1179648K
  class space    used 8396K, committed 8512K, reserved 1048576K
}
Event: 7.594 GC heap after
{Heap after GC invocations=20 (full 0):
 garbage-first heap   total 147456K, used 70659K [0x0000000085800000, 0x0000000100000000)
  region size 1024K, 5 young (5120K), 5 survivors (5120K)
 Metaspace       used 74183K, committed 74496K, reserved 1179648K
  class space    used 8396K, committed 8512K, reserved 1048576K
}
Event: 8.132 GC heap before
{Heap before GC invocations=20 (full 0):
 garbage-first heap   total 147456K, used 115715K [0x0000000085800000, 0x0000000100000000)
  region size 1024K, 49 young (50176K), 5 survivors (5120K)
 Metaspace       used 77551K, committed 77888K, reserved 1179648K
  class space    used 8746K, committed 8896K, reserved 1048576K
}
Event: 8.149 GC heap after
{Heap after GC invocations=21 (full 0):
 garbage-first heap   total 147456K, used 78280K [0x0000000085800000, 0x0000000100000000)
  region size 1024K, 7 young (7168K), 7 survivors (7168K)
 Metaspace       used 77551K, committed 77888K, reserved 1179648K
  class space    used 8746K, committed 8896K, reserved 1048576K
}
Event: 8.630 GC heap before
{Heap before GC invocations=22 (full 0):
 garbage-first heap   total 147456K, used 116168K [0x0000000085800000, 0x0000000100000000)
  region size 1024K, 44 young (45056K), 7 survivors (7168K)
 Metaspace       used 83524K, committed 83840K, reserved 1179648K
  class space    used 9414K, committed 9536K, reserved 1048576K
}
Event: 8.643 GC heap after
{Heap after GC invocations=23 (full 0):
 garbage-first heap   total 147456K, used 83968K [0x0000000085800000, 0x0000000100000000)
  region size 1024K, 5 young (5120K), 5 survivors (5120K)
 Metaspace       used 83524K, committed 83840K, reserved 1179648K
  class space    used 9414K, committed 9536K, reserved 1048576K
}
Event: 8.665 GC heap before
{Heap before GC invocations=23 (full 0):
 garbage-first heap   total 147456K, used 86016K [0x0000000085800000, 0x0000000100000000)
  region size 1024K, 7 young (7168K), 5 survivors (5120K)
 Metaspace       used 83572K, committed 83840K, reserved 1179648K
  class space    used 9414K, committed 9536K, reserved 1048576K
}
Event: 8.673 GC heap after
{Heap after GC invocations=24 (full 0):
 garbage-first heap   total 147456K, used 84405K [0x0000000085800000, 0x0000000100000000)
  region size 1024K, 1 young (1024K), 1 survivors (1024K)
 Metaspace       used 83572K, committed 83840K, reserved 1179648K
  class space    used 9414K, committed 9536K, reserved 1048576K
}
Event: 8.872 GC heap before
{Heap before GC invocations=24 (full 0):
 garbage-first heap   total 147456K, used 117173K [0x0000000085800000, 0x0000000100000000)
  region size 1024K, 33 young (33792K), 1 survivors (1024K)
 Metaspace       used 83989K, committed 84352K, reserved 1179648K
  class space    used 9433K, committed 9600K, reserved 1048576K
}

