# JRE version: OpenJDK Runtime Environment (11.0.15) (build 11.0.15+0-b2043.56-9505619)
# Java VM: OpenJDK 64-Bit Server VM (11.0.15+0-b2043.56-9505619, mixed mode, tiered, compressed oops, g1 gc, windows-amd64)
Heap:
 garbage-first heap   total 641024K, used 320581K [0x0000000080000000, 0x0000000100000000)
  region size 1024K, 7 young (7168K), 7 survivors (7168K)
 Metaspace       used 152205K, capacity 157232K, committed 157692K, reserved 1185792K
  class space    used 18781K, capacity 20611K, committed 20864K, reserved 1048576K
GC Heap History (20 events):
Event: 2256.620 GC heap after
{Heap after GC invocations=160 (full 0):
 garbage-first heap   total 470016K, used 238228K [0x0000000080000000, 0x0000000100000000)
  region size 1024K, 2 young (2048K), 2 survivors (2048K)
 Metaspace       used 150402K, capacity 155401K, committed 156028K, reserved 1185792K
  class space    used 18612K, capacity 20413K, committed 20736K, reserved 1048576K
}
Event: 2257.185 GC heap before
{Heap before GC invocations=161 (full 0):
 garbage-first heap   total 470016K, used 405140K [0x0000000080000000, 0x0000000100000000)
  region size 1024K, 165 young (168960K), 2 survivors (2048K)
 Metaspace       used 150416K, capacity 155401K, committed 156028K, reserved 1185792K
  class space    used 18612K, capacity 20413K, committed 20736K, reserved 1048576K
}
Event: 2257.189 GC heap after
{Heap after GC invocations=162 (full 0):
 garbage-first heap   total 470016K, used 238929K [0x0000000080000000, 0x0000000100000000)
  region size 1024K, 3 young (3072K), 3 survivors (3072K)
 Metaspace       used 150416K, capacity 155401K, committed 156028K, reserved 1185792K
  class space    used 18612K, capacity 20413K, committed 20736K, reserved 1048576K
}
Event: 2257.245 GC heap before
{Heap before GC invocations=162 (full 0):
 garbage-first heap   total 470016K, used 258385K [0x0000000080000000, 0x0000000100000000)
  region size 1024K, 22 young (22528K), 3 survivors (3072K)
 Metaspace       used 150418K, capacity 155402K, committed 156028K, reserved 1185792K
  class space    used 18612K, capacity 20413K, committed 20736K, reserved 1048576K
}
Event: 2257.249 GC heap after
{Heap after GC invocations=163 (full 0):
 garbage-first heap   total 470016K, used 238258K [0x0000000080000000, 0x0000000100000000)
  region size 1024K, 2 young (2048K), 2 survivors (2048K)
 Metaspace       used 150418K, capacity 155402K, committed 156028K, reserved 1185792K
  class space    used 18612K, capacity 20413K, committed 20736K, reserved 1048576K
}
Event: 2257.636 GC heap before
{Heap before GC invocations=163 (full 0):
 garbage-first heap   total 470016K, used 324274K [0x0000000080000000, 0x0000000100000000)
  region size 1024K, 87 young (89088K), 2 survivors (2048K)
 Metaspace       used 150592K, capacity 155595K, committed 156028K, reserved 1185792K
  class space    used 18619K, capacity 20427K, committed 20736K, reserved 1048576K
}
Event: 2257.643 GC heap after
{Heap after GC invocations=164 (full 0):
 garbage-first heap   total 470016K, used 241856K [0x0000000080000000, 0x0000000100000000)
  region size 1024K, 5 young (5120K), 5 survivors (5120K)
 Metaspace       used 150592K, capacity 155595K, committed 156028K, reserved 1185792K
  class space    used 18619K, capacity 20427K, committed 20736K, reserved 1048576K
}
Event: 2258.192 GC heap before
{Heap before GC invocations=165 (full 0):
 garbage-first heap   total 470016K, used 425152K [0x0000000080000000, 0x0000000100000000)
  region size 1024K, 158 young (161792K), 5 survivors (5120K)
 Metaspace       used 151496K, capacity 156545K, committed 156924K, reserved 1185792K
  class space    used 18729K, capacity 20560K, committed 20864K, reserved 1048576K
}
Event: 2258.198 GC heap after
{Heap after GC invocations=166 (full 0):
 garbage-first heap   total 470016K, used 261825K [0x0000000080000000, 0x0000000100000000)
  region size 1024K, 8 young (8192K), 8 survivors (8192K)
 Metaspace       used 151496K, capacity 156545K, committed 156924K, reserved 1185792K
  class space    used 18729K, capacity 20560K, committed 20864K, reserved 1048576K
}
Event: 2258.247 GC heap before
{Heap before GC invocations=166 (full 0):
 garbage-first heap   total 470016K, used 289473K [0x0000000080000000, 0x0000000100000000)
  region size 1024K, 22 young (22528K), 8 survivors (8192K)
 Metaspace       used 151578K, capacity 156617K, committed 156924K, reserved 1185792K
  class space    used 18734K, capacity 20562K, committed 20864K, reserved 1048576K
}
Event: 2258.255 GC heap after
{Heap after GC invocations=167 (full 0):
 garbage-first heap   total 470016K, used 268990K [0x0000000080000000, 0x0000000100000000)
  region size 1024K, 3 young (3072K), 3 survivors (3072K)
 Metaspace       used 151578K, capacity 156617K, committed 156924K, reserved 1185792K
  class space    used 18734K, capacity 20562K, committed 20864K, reserved 1048576K
}
Event: 2258.327 GC heap before
{Heap before GC invocations=167 (full 0):
 garbage-first heap   total 470016K, used 289470K [0x0000000080000000, 0x0000000100000000)
  region size 1024K, 24 young (24576K), 3 survivors (3072K)
 Metaspace       used 151578K, capacity 156617K, committed 156924K, reserved 1185792K
  class space    used 18734K, capacity 20562K, committed 20864K, reserved 1048576K
}
Event: 2258.338 GC heap after
{Heap after GC invocations=168 (full 0):
 garbage-first heap   total 470016K, used 277351K [0x0000000080000000, 0x0000000100000000)
  region size 1024K, 12 young (12288K), 12 survivors (12288K)
 Metaspace       used 151578K, capacity 156617K, committed 156924K, reserved 1185792K
  class space    used 18734K, capacity 20562K, committed 20864K, reserved 1048576K
}
Event: 2258.693 GC heap before
{Heap before GC invocations=169 (full 0):
 garbage-first heap   total 470016K, used 352103K [0x0000000080000000, 0x0000000100000000)
  region size 1024K, 84 young (86016K), 12 survivors (12288K)
 Metaspace       used 152075K, capacity 157146K, committed 157436K, reserved 1185792K
  class space    used 18795K, capacity 20638K, committed 20864K, reserved 1048576K
}
Event: 2258.723 GC heap after
{Heap after GC invocations=170 (full 0):
 garbage-first heap   total 470016K, used 312515K [0x0000000080000000, 0x0000000100000000)
  region size 1024K, 11 young (11264K), 11 survivors (11264K)
 Metaspace       used 152075K, capacity 157146K, committed 157436K, reserved 1185792K
  class space    used 18795K, capacity 20638K, committed 20864K, reserved 1048576K
}
Event: 2258.752 GC heap before
{Heap before GC invocations=170 (full 0):
 garbage-first heap   total 470016K, used 323779K [0x0000000080000000, 0x0000000100000000)
  region size 1024K, 22 young (22528K), 11 survivors (11264K)
 Metaspace       used 152076K, capacity 157146K, committed 157436K, reserved 1185792K
  class space    used 18795K, capacity 20638K, committed 20864K, reserved 1048576K
}
Event: 2258.773 GC heap after
{Heap after GC invocations=171 (full 0):
 garbage-first heap   total 470016K, used 308224K [0x0000000080000000, 0x0000000100000000)
  region size 1024K, 3 young (3072K), 3 survivors (3072K)
 Metaspace       used 152076K, capacity 157146K, committed 157436K, reserved 1185792K
  class space    used 18795K, capacity 20638K, committed 20864K, reserved 1048576K
}
Event: 2259.013 GC heap before
{Heap before GC invocations=171 (full 0):
 garbage-first heap   total 470016K, used 362496K [0x0000000080000000, 0x0000000100000000)
  region size 1024K, 57 young (58368K), 3 survivors (3072K)
 Metaspace       used 152263K, capacity 157376K, committed 157692K, reserved 1185792K
  class space    used 18814K, capacity 20671K, committed 20864K, reserved 1048576K
}
Event: 2259.033 GC heap after
{Heap after GC invocations=172 (full 0):
 garbage-first heap   total 470016K, used 325760K [0x0000000080000000, 0x0000000100000000)
  region size 1024K, 8 young (8192K), 8 survivors (8192K)
 Metaspace       used 152263K, capacity 157376K, committed 157692K, reserved 1185792K
  class space    used 18814K, capacity 20671K, committed 20864K, reserved 1048576K
}
Event: 2259.321 GC heap before
{Heap before GC invocations=172 (full 0):
 garbage-first heap   total 470016K, used 361472K [0x0000000080000000, 0x0000000100000000)
  region size 1024K, 55 young (56320K), 8 survivors (8192K)
 Metaspace       used 152205K, capacity 157232K, committed 157692K, reserved 1185792K
  class space    used 18781K, capacity 20611K, committed 20864K, reserved 1048576K
}

