# JRE version: OpenJDK Runtime Environment (17.0.9) (build 17.0.9+0--11185874)
# Java VM: OpenJDK 64-Bit Server VM (17.0.9+0--11185874, mixed mode, tiered, compressed oops, compressed class ptrs, g1 gc, windows-amd64)
GC Precious Log:
 CPUs: 8 total, 8 available
 Memory: 7834M
 Large Page Support: Disabled
 NUMA Support: Disabled
 Compressed Oops: Enabled (32-bit)
 Heap Region Size: 1M
 Heap Min Capacity: 8M
 Heap Initial Capacity: 124M
 Heap Max Capacity: 1960M
 Pre-touch: Disabled
 Parallel Workers: 8
 Concurrent Workers: 2
 Concurrent Refinement Workers: 8
 Periodic GC: Disabled
Heap:
 garbage-first heap   total 178176K, used 73735K [0x0000000085800000, 0x0000000100000000)
  region size 1024K, 22 young (22528K), 1 survivors (1024K)
 Metaspace       used 63276K, committed 63552K, reserved 1114112K
  class space    used 7561K, committed 7680K, reserved 1048576K
GC Heap History (20 events):
Event: 1.453 GC heap before
{Heap before GC invocations=5 (full 0):
 garbage-first heap   total 40960K, used 31284K [0x0000000085800000, 0x0000000100000000)
  region size 1024K, 15 young (15360K), 1 survivors (1024K)
 Metaspace       used 31106K, committed 31360K, reserved 1114112K
  class space    used 3771K, committed 3904K, reserved 1048576K
}
Event: 1.456 GC heap after
{Heap after GC invocations=6 (full 0):
 garbage-first heap   total 81920K, used 17913K [0x0000000085800000, 0x0000000100000000)
  region size 1024K, 2 young (2048K), 2 survivors (2048K)
 Metaspace       used 31106K, committed 31360K, reserved 1114112K
  class space    used 3771K, committed 3904K, reserved 1048576K
}
Event: 1.855 GC heap before
{Heap before GC invocations=6 (full 0):
 garbage-first heap   total 81920K, used 51705K [0x0000000085800000, 0x0000000100000000)
  region size 1024K, 34 young (34816K), 2 survivors (2048K)
 Metaspace       used 35963K, committed 36160K, reserved 1114112K
  class space    used 4530K, committed 4608K, reserved 1048576K
}
Event: 1.867 GC heap after
{Heap after GC invocations=7 (full 0):
 garbage-first heap   total 81920K, used 25913K [0x0000000085800000, 0x0000000100000000)
  region size 1024K, 6 young (6144K), 6 survivors (6144K)
 Metaspace       used 35963K, committed 36160K, reserved 1114112K
  class space    used 4530K, committed 4608K, reserved 1048576K
}
Event: 2.218 GC heap before
{Heap before GC invocations=8 (full 0):
 garbage-first heap   total 81920K, used 58681K [0x0000000085800000, 0x0000000100000000)
  region size 1024K, 38 young (38912K), 6 survivors (6144K)
 Metaspace       used 42284K, committed 42560K, reserved 1114112K
  class space    used 5141K, committed 5248K, reserved 1048576K
}
Event: 2.231 GC heap after
{Heap after GC invocations=9 (full 0):
 garbage-first heap   total 81920K, used 28890K [0x0000000085800000, 0x0000000100000000)
  region size 1024K, 5 young (5120K), 5 survivors (5120K)
 Metaspace       used 42284K, committed 42560K, reserved 1114112K
  class space    used 5141K, committed 5248K, reserved 1048576K
}
Event: 2.738 GC heap before
{Heap before GC invocations=9 (full 0):
 garbage-first heap   total 81920K, used 61658K [0x0000000085800000, 0x0000000100000000)
  region size 1024K, 35 young (35840K), 5 survivors (5120K)
 Metaspace       used 49224K, committed 49472K, reserved 1114112K
  class space    used 5931K, committed 6080K, reserved 1048576K
}
Event: 2.748 GC heap after
{Heap after GC invocations=10 (full 0):
 garbage-first heap   total 81920K, used 33792K [0x0000000085800000, 0x0000000100000000)
  region size 1024K, 4 young (4096K), 4 survivors (4096K)
 Metaspace       used 49224K, committed 49472K, reserved 1114112K
  class space    used 5931K, committed 6080K, reserved 1048576K
}
Event: 2.922 GC heap before
{Heap before GC invocations=10 (full 0):
 garbage-first heap   total 81920K, used 62464K [0x0000000085800000, 0x0000000100000000)
  region size 1024K, 31 young (31744K), 4 survivors (4096K)
 Metaspace       used 51542K, committed 51776K, reserved 1114112K
  class space    used 6202K, committed 6336K, reserved 1048576K
}
Event: 2.933 GC heap after
{Heap after GC invocations=11 (full 0):
 garbage-first heap   total 81920K, used 36204K [0x0000000085800000, 0x0000000100000000)
  region size 1024K, 3 young (3072K), 3 survivors (3072K)
 Metaspace       used 51542K, committed 51776K, reserved 1114112K
  class space    used 6202K, committed 6336K, reserved 1048576K
}
Event: 3.305 GC heap before
{Heap before GC invocations=11 (full 0):
 garbage-first heap   total 81920K, used 62828K [0x0000000085800000, 0x0000000100000000)
  region size 1024K, 29 young (29696K), 3 survivors (3072K)
 Metaspace       used 55202K, committed 55488K, reserved 1114112K
  class space    used 6606K, committed 6720K, reserved 1048576K
}
Event: 3.313 GC heap after
{Heap after GC invocations=12 (full 0):
 garbage-first heap   total 106496K, used 37713K [0x0000000085800000, 0x0000000100000000)
  region size 1024K, 3 young (3072K), 3 survivors (3072K)
 Metaspace       used 55202K, committed 55488K, reserved 1114112K
  class space    used 6606K, committed 6720K, reserved 1048576K
}
Event: 4.096 GC heap before
{Heap before GC invocations=12 (full 0):
 garbage-first heap   total 106496K, used 80721K [0x0000000085800000, 0x0000000100000000)
  region size 1024K, 45 young (46080K), 3 survivors (3072K)
 Metaspace       used 57537K, committed 57856K, reserved 1114112K
  class space    used 6744K, committed 6912K, reserved 1048576K
}
Event: 4.114 GC heap after
{Heap after GC invocations=13 (full 0):
 garbage-first heap   total 106496K, used 46477K [0x0000000085800000, 0x0000000100000000)
  region size 1024K, 6 young (6144K), 6 survivors (6144K)
 Metaspace       used 57537K, committed 57856K, reserved 1114112K
  class space    used 6744K, committed 6912K, reserved 1048576K
}
Event: 4.399 GC heap before
{Heap before GC invocations=13 (full 0):
 garbage-first heap   total 106496K, used 79245K [0x0000000085800000, 0x0000000100000000)
  region size 1024K, 38 young (38912K), 6 survivors (6144K)
 Metaspace       used 58089K, committed 58368K, reserved 1114112K
  class space    used 6785K, committed 6912K, reserved 1048576K
}
Event: 4.421 GC heap after
{Heap after GC invocations=14 (full 0):
 garbage-first heap   total 106496K, used 52224K [0x0000000085800000, 0x0000000100000000)
  region size 1024K, 5 young (5120K), 5 survivors (5120K)
 Metaspace       used 58089K, committed 58368K, reserved 1114112K
  class space    used 6785K, committed 6912K, reserved 1048576K
}
Event: 4.477 GC heap before
{Heap before GC invocations=14 (full 0):
 garbage-first heap   total 106496K, used 81920K [0x0000000085800000, 0x0000000100000000)
  region size 1024K, 34 young (34816K), 5 survivors (5120K)
 Metaspace       used 58090K, committed 58368K, reserved 1114112K
  class space    used 6785K, committed 6912K, reserved 1048576K
}
Event: 4.486 GC heap after
{Heap after GC invocations=15 (full 0):
 garbage-first heap   total 106496K, used 53760K [0x0000000085800000, 0x0000000100000000)
  region size 1024K, 1 young (1024K), 1 survivors (1024K)
 Metaspace       used 58090K, committed 58368K, reserved 1114112K
  class space    used 6785K, committed 6912K, reserved 1048576K
}
Event: 4.682 GC heap before
{Heap before GC invocations=15 (full 0):
 garbage-first heap   total 106496K, used 74240K [0x0000000085800000, 0x0000000100000000)
  region size 1024K, 22 young (22528K), 1 survivors (1024K)
 Metaspace       used 60518K, committed 60736K, reserved 1114112K
  class space    used 7181K, committed 7296K, reserved 1048576K
}
Event: 4.684 GC heap after
{Heap after GC invocations=16 (full 0):
 garbage-first heap   total 178176K, used 53255K [0x0000000085800000, 0x0000000100000000)
  region size 1024K, 1 young (1024K), 1 survivors (1024K)
 Metaspace       used 60518K, committed 60736K, reserved 1114112K
  class space    used 7181K, committed 7296K, reserved 1048576K
}

