# JRE version: OpenJDK Runtime Environment (11.0.15) (build 11.0.15+0-b2043.56-9505619)
# Java VM: OpenJDK 64-Bit Server VM (11.0.15+0-b2043.56-9505619, mixed mode, tiered, compressed oops, g1 gc, windows-amd64)
Heap:
 garbage-first heap   total 162816K, used 26241K [0x0000000085800000, 0x0000000100000000)
  region size 1024K, 7 young (7168K), 6 survivors (6144K)
 Metaspace       used 45163K, capacity 45648K, committed 45872K, reserved 1089536K
  class space    used 5348K, capacity 5565K, committed 5680K, reserved 1048576K
GC Heap History (10 events):
Event: 0.508 GC heap before
{Heap before GC invocations=0 (full 0):
 garbage-first heap   total 126976K, used 28672K [0x0000000085800000, 0x0000000100000000)
  region size 1024K, 24 young (24576K), 0 survivors (0K)
 Metaspace       used 12149K, capacity 12280K, committed 12544K, reserved 1060864K
  class space    used 1121K, capacity 1175K, committed 1280K, reserved 1048576K
}
Event: 0.514 GC heap after
{Heap after GC invocations=1 (full 0):
 garbage-first heap   total 126976K, used 6904K [0x0000000085800000, 0x0000000100000000)
  region size 1024K, 3 young (3072K), 3 survivors (3072K)
 Metaspace       used 12149K, capacity 12280K, committed 12544K, reserved 1060864K
  class space    used 1121K, capacity 1175K, committed 1280K, reserved 1048576K
}
Event: 1.056 GC heap before
{Heap before GC invocations=1 (full 0):
 garbage-first heap   total 126976K, used 45816K [0x0000000085800000, 0x0000000100000000)
  region size 1024K, 42 young (43008K), 3 survivors (3072K)
 Metaspace       used 21053K, capacity 21200K, committed 21296K, reserved 1069056K
  class space    used 2227K, capacity 2308K, committed 2352K, reserved 1048576K
}
Event: 1.069 GC heap after
{Heap after GC invocations=2 (full 0):
 garbage-first heap   total 126976K, used 10380K [0x0000000085800000, 0x0000000100000000)
  region size 1024K, 7 young (7168K), 7 survivors (7168K)
 Metaspace       used 21053K, capacity 21200K, committed 21296K, reserved 1069056K
  class space    used 2227K, capacity 2308K, committed 2352K, reserved 1048576K
}
Event: 1.851 GC heap before
{Heap before GC invocations=3 (full 0):
 garbage-first heap   total 126976K, used 67724K [0x0000000085800000, 0x0000000100000000)
  region size 1024K, 57 young (58368K), 7 survivors (7168K)
 Metaspace       used 33279K, capacity 33730K, committed 33840K, reserved 1079296K
  class space    used 4126K, capacity 4305K, committed 4400K, reserved 1048576K
}
Event: 1.868 GC heap after
{Heap after GC invocations=4 (full 0):
 garbage-first heap   total 126976K, used 22813K [0x0000000085800000, 0x0000000100000000)
  region size 1024K, 8 young (8192K), 8 survivors (8192K)
 Metaspace       used 33279K, capacity 33730K, committed 33840K, reserved 1079296K
  class space    used 4126K, capacity 4305K, committed 4400K, reserved 1048576K
}
Event: 2.026 GC heap before
{Heap before GC invocations=4 (full 0):
 garbage-first heap   total 126976K, used 35101K [0x0000000085800000, 0x0000000100000000)
  region size 1024K, 21 young (21504K), 8 survivors (8192K)
 Metaspace       used 35438K, capacity 35853K, committed 35920K, reserved 1081344K
  class space    used 4343K, capacity 4501K, committed 4528K, reserved 1048576K
}
Event: 2.039 GC heap after
{Heap after GC invocations=5 (full 0):
 garbage-first heap   total 126976K, used 22528K [0x0000000085800000, 0x0000000100000000)
  region size 1024K, 2 young (2048K), 2 survivors (2048K)
 Metaspace       used 35438K, capacity 35853K, committed 35920K, reserved 1081344K
  class space    used 4343K, capacity 4501K, committed 4528K, reserved 1048576K
}
Event: 2.634 GC heap before
{Heap before GC invocations=6 (full 0):
 garbage-first heap   total 126976K, used 66560K [0x0000000085800000, 0x0000000100000000)
  region size 1024K, 45 young (46080K), 2 survivors (2048K)
 Metaspace       used 44853K, capacity 45311K, committed 45488K, reserved 1089536K
  class space    used 5286K, capacity 5496K, committed 5552K, reserved 1048576K
}
Event: 2.642 GC heap after
{Heap after GC invocations=7 (full 0):
 garbage-first heap   total 162816K, used 26241K [0x0000000085800000, 0x0000000100000000)
  region size 1024K, 6 young (6144K), 6 survivors (6144K)
 Metaspace       used 44853K, capacity 45311K, committed 45488K, reserved 1089536K
  class space    used 5286K, capacity 5496K, committed 5552K, reserved 1048576K
}

