# JRE version: OpenJDK Runtime Environment (11.0.15) (build 11.0.15+0-b2043.56-9505619)
# Java VM: OpenJDK 64-Bit Server VM (11.0.15+0-b2043.56-9505619, mixed mode, tiered, compressed oops, g1 gc, windows-amd64)
Heap:
 garbage-first heap   total 459776K, used 261596K [0x0000000080000000, 0x0000000100000000)
  region size 1024K, 5 young (5120K), 5 survivors (5120K)
 Metaspace       used 123739K, capacity 127532K, committed 128944K, reserved 1161216K
  class space    used 16205K, capacity 17682K, committed 18328K, reserved 1048576K
GC Heap History (20 events):
Event: 42.322 GC heap after
{Heap after GC invocations=59 (full 0):
 garbage-first heap   total 284672K, used 205624K [0x0000000080000000, 0x0000000100000000)
  region size 1024K, 4 young (4096K), 4 survivors (4096K)
 Metaspace       used 123170K, capacity 126942K, committed 128688K, reserved 1159168K
  class space    used 16184K, capacity 17654K, committed 18328K, reserved 1048576K
}
Event: 42.452 GC heap before
{Heap before GC invocations=59 (full 0):
 garbage-first heap   total 284672K, used 227128K [0x0000000080000000, 0x0000000100000000)
  region size 1024K, 25 young (25600K), 4 survivors (4096K)
 Metaspace       used 123190K, capacity 126943K, committed 128688K, reserved 1159168K
  class space    used 16184K, capacity 17654K, committed 18328K, reserved 1048576K
}
Event: 42.467 GC heap after
{Heap after GC invocations=60 (full 0):
 garbage-first heap   total 284672K, used 217878K [0x0000000080000000, 0x0000000100000000)
  region size 1024K, 4 young (4096K), 4 survivors (4096K)
 Metaspace       used 123190K, capacity 126943K, committed 128688K, reserved 1159168K
  class space    used 16184K, capacity 17654K, committed 18328K, reserved 1048576K
}
Event: 42.599 GC heap before
{Heap before GC invocations=60 (full 0):
 garbage-first heap   total 284672K, used 235286K [0x0000000080000000, 0x0000000100000000)
  region size 1024K, 20 young (20480K), 4 survivors (4096K)
 Metaspace       used 123355K, capacity 127119K, committed 128688K, reserved 1159168K
  class space    used 16193K, capacity 17664K, committed 18328K, reserved 1048576K
}
Event: 42.604 GC heap after
{Heap after GC invocations=61 (full 0):
 garbage-first heap   total 284672K, used 219540K [0x0000000080000000, 0x0000000100000000)
  region size 1024K, 1 young (1024K), 1 survivors (1024K)
 Metaspace       used 123355K, capacity 127119K, committed 128688K, reserved 1159168K
  class space    used 16193K, capacity 17664K, committed 18328K, reserved 1048576K
}
Event: 42.687 GC heap before
{Heap before GC invocations=61 (full 0):
 garbage-first heap   total 284672K, used 234900K [0x0000000080000000, 0x0000000100000000)
  region size 1024K, 17 young (17408K), 1 survivors (1024K)
 Metaspace       used 123368K, capacity 127121K, committed 128688K, reserved 1159168K
  class space    used 16193K, capacity 17664K, committed 18328K, reserved 1048576K
}
Event: 42.690 GC heap after
{Heap after GC invocations=62 (full 0):
 garbage-first heap   total 284672K, used 222024K [0x0000000080000000, 0x0000000100000000)
  region size 1024K, 3 young (3072K), 3 survivors (3072K)
 Metaspace       used 123368K, capacity 127121K, committed 128688K, reserved 1159168K
  class space    used 16193K, capacity 17664K, committed 18328K, reserved 1048576K
}
Event: 42.786 GC heap before
{Heap before GC invocations=62 (full 0):
 garbage-first heap   total 284672K, used 238408K [0x0000000080000000, 0x0000000100000000)
  region size 1024K, 19 young (19456K), 3 survivors (3072K)
 Metaspace       used 123390K, capacity 127128K, committed 128688K, reserved 1159168K
  class space    used 16193K, capacity 17664K, committed 18328K, reserved 1048576K
}
Event: 42.790 GC heap after
{Heap after GC invocations=63 (full 0):
 garbage-first heap   total 284672K, used 224580K [0x0000000080000000, 0x0000000100000000)
  region size 1024K, 3 young (3072K), 3 survivors (3072K)
 Metaspace       used 123390K, capacity 127128K, committed 128688K, reserved 1159168K
  class space    used 16193K, capacity 17664K, committed 18328K, reserved 1048576K
}
Event: 42.858 GC heap before
{Heap before GC invocations=63 (full 0):
 garbage-first heap   total 284672K, used 240964K [0x0000000080000000, 0x0000000100000000)
  region size 1024K, 19 young (19456K), 3 survivors (3072K)
 Metaspace       used 123484K, capacity 127209K, committed 128688K, reserved 1159168K
  class space    used 16193K, capacity 17664K, committed 18328K, reserved 1048576K
}
Event: 42.863 GC heap after
{Heap after GC invocations=64 (full 0):
 garbage-first heap   total 284672K, used 225370K [0x0000000080000000, 0x0000000100000000)
  region size 1024K, 1 young (1024K), 1 survivors (1024K)
 Metaspace       used 123484K, capacity 127209K, committed 128688K, reserved 1159168K
  class space    used 16193K, capacity 17664K, committed 18328K, reserved 1048576K
}
Event: 42.968 GC heap before
{Heap before GC invocations=64 (full 0):
 garbage-first heap   total 284672K, used 243802K [0x0000000080000000, 0x0000000100000000)
  region size 1024K, 17 young (17408K), 1 survivors (1024K)
 Metaspace       used 123501K, capacity 127273K, committed 128944K, reserved 1161216K
  class space    used 16193K, capacity 17664K, committed 18328K, reserved 1048576K
}
Event: 42.975 GC heap after
{Heap after GC invocations=65 (full 0):
 garbage-first heap   total 342016K, used 227775K [0x0000000080000000, 0x0000000100000000)
  region size 1024K, 2 young (2048K), 2 survivors (2048K)
 Metaspace       used 123501K, capacity 127273K, committed 128944K, reserved 1161216K
  class space    used 16193K, capacity 17664K, committed 18328K, reserved 1048576K
}
Event: 43.269 GC heap before
{Heap before GC invocations=65 (full 0):
 garbage-first heap   total 342016K, used 267711K [0x0000000080000000, 0x0000000100000000)
  region size 1024K, 37 young (37888K), 2 survivors (2048K)
 Metaspace       used 123548K, capacity 127341K, committed 128944K, reserved 1161216K
  class space    used 16193K, capacity 17664K, committed 18328K, reserved 1048576K
}
Event: 43.279 GC heap after
{Heap after GC invocations=66 (full 0):
 garbage-first heap   total 342016K, used 234653K [0x0000000080000000, 0x0000000100000000)
  region size 1024K, 3 young (3072K), 3 survivors (3072K)
 Metaspace       used 123548K, capacity 127341K, committed 128944K, reserved 1161216K
  class space    used 16193K, capacity 17664K, committed 18328K, reserved 1048576K
}
Event: 43.716 GC heap before
{Heap before GC invocations=66 (full 0):
 garbage-first heap   total 342016K, used 279709K [0x0000000080000000, 0x0000000100000000)
  region size 1024K, 39 young (39936K), 3 survivors (3072K)
 Metaspace       used 123665K, capacity 127487K, committed 128944K, reserved 1161216K
  class space    used 16198K, capacity 17668K, committed 18328K, reserved 1048576K
}
Event: 43.730 GC heap after
{Heap after GC invocations=67 (full 0):
 garbage-first heap   total 342016K, used 245857K [0x0000000080000000, 0x0000000100000000)
  region size 1024K, 5 young (5120K), 5 survivors (5120K)
 Metaspace       used 123665K, capacity 127487K, committed 128944K, reserved 1161216K
  class space    used 16198K, capacity 17668K, committed 18328K, reserved 1048576K
}
Event: 43.987 GC heap before
{Heap before GC invocations=67 (full 0):
 garbage-first heap   total 342016K, used 285793K [0x0000000080000000, 0x0000000100000000)
  region size 1024K, 38 young (38912K), 5 survivors (5120K)
 Metaspace       used 123720K, capacity 127524K, committed 128944K, reserved 1161216K
  class space    used 16204K, capacity 17680K, committed 18328K, reserved 1048576K
}
Event: 43.996 GC heap after
{Heap after GC invocations=68 (full 0):
 garbage-first heap   total 342016K, used 255575K [0x0000000080000000, 0x0000000100000000)
  region size 1024K, 5 young (5120K), 5 survivors (5120K)
 Metaspace       used 123720K, capacity 127524K, committed 128944K, reserved 1161216K
  class space    used 16204K, capacity 17680K, committed 18328K, reserved 1048576K
}
Event: 44.053 GC heap before
{Heap before GC invocations=68 (full 0):
 garbage-first heap   total 342016K, used 286295K [0x0000000080000000, 0x0000000100000000)
  region size 1024K, 35 young (35840K), 5 survivors (5120K)
 Metaspace       used 123739K, capacity 127532K, committed 128944K, reserved 1161216K
  class space    used 16205K, capacity 17682K, committed 18328K, reserved 1048576K
}

