# JRE version: OpenJDK Runtime Environment (17.0.9) (build 17.0.9+0--11185874)
# Java VM: OpenJDK 64-Bit Server VM (17.0.9+0--11185874, mixed mode, tiered, compressed oops, compressed class ptrs, g1 gc, windows-amd64)
GC Precious Log:
 CPUs: 8 total, 8 available
 Memory: 7834M
 Large Page Support: Disabled
 NUMA Support: Disabled
 Compressed Oops: Enabled (32-bit)
 Heap Region Size: 1M
 Heap Min Capacity: 8M
 Heap Initial Capacity: 124M
 Heap Max Capacity: 1960M
 Pre-touch: Disabled
 Parallel Workers: 8
 Concurrent Workers: 2
 Concurrent Refinement Workers: 8
 Periodic GC: Disabled
Heap:
 garbage-first heap   total 133120K, used 79512K [0x0000000085800000, 0x0000000100000000)
  region size 1024K, 2 young (2048K), 2 survivors (2048K)
 Metaspace       used 81147K, committed 81472K, reserved 1179648K
  class space    used 9182K, committed 9344K, reserved 1048576K
GC Heap History (20 events):
Event: 2.889 GC heap after
{Heap after GC invocations=13 (full 0):
 garbage-first heap   total 97280K, used 38384K [0x0000000085800000, 0x0000000100000000)
  region size 1024K, 3 young (3072K), 3 survivors (3072K)
 Metaspace       used 53369K, committed 53632K, reserved 1114112K
  class space    used 6406K, committed 6528K, reserved 1048576K
}
Event: 3.436 GC heap before
{Heap before GC invocations=13 (full 0):
 garbage-first heap   total 97280K, used 71152K [0x0000000085800000, 0x0000000100000000)
  region size 1024K, 35 young (35840K), 3 survivors (3072K)
 Metaspace       used 57156K, committed 57408K, reserved 1114112K
  class space    used 6734K, committed 6848K, reserved 1048576K
}
Event: 3.451 GC heap after
{Heap after GC invocations=14 (full 0):
 garbage-first heap   total 97280K, used 44308K [0x0000000085800000, 0x0000000100000000)
  region size 1024K, 5 young (5120K), 5 survivors (5120K)
 Metaspace       used 57156K, committed 57408K, reserved 1114112K
  class space    used 6734K, committed 6848K, reserved 1048576K
}
Event: 3.756 GC heap before
{Heap before GC invocations=14 (full 0):
 garbage-first heap   total 97280K, used 71956K [0x0000000085800000, 0x0000000100000000)
  region size 1024K, 32 young (32768K), 5 survivors (5120K)
 Metaspace       used 57696K, committed 57984K, reserved 1114112K
  class space    used 6760K, committed 6912K, reserved 1048576K
}
Event: 3.776 GC heap after
{Heap after GC invocations=15 (full 0):
 garbage-first heap   total 97280K, used 49471K [0x0000000085800000, 0x0000000100000000)
  region size 1024K, 4 young (4096K), 4 survivors (4096K)
 Metaspace       used 57696K, committed 57984K, reserved 1114112K
  class space    used 6760K, committed 6912K, reserved 1048576K
}
Event: 3.911 GC heap before
{Heap before GC invocations=15 (full 0):
 garbage-first heap   total 97280K, used 74047K [0x0000000085800000, 0x0000000100000000)
  region size 1024K, 28 young (28672K), 4 survivors (4096K)
 Metaspace       used 58032K, committed 58304K, reserved 1114112K
  class space    used 6785K, committed 6912K, reserved 1048576K
}
Event: 3.930 GC heap after
{Heap after GC invocations=16 (full 0):
 garbage-first heap   total 133120K, used 53649K [0x0000000085800000, 0x0000000100000000)
  region size 1024K, 4 young (4096K), 4 survivors (4096K)
 Metaspace       used 58032K, committed 58304K, reserved 1114112K
  class space    used 6785K, committed 6912K, reserved 1048576K
}
Event: 4.072 GC heap before
{Heap before GC invocations=17 (full 0):
 garbage-first heap   total 133120K, used 96657K [0x0000000085800000, 0x0000000100000000)
  region size 1024K, 46 young (47104K), 4 survivors (4096K)
 Metaspace       used 58426K, committed 58752K, reserved 1114112K
  class space    used 6867K, committed 7040K, reserved 1048576K
}
Event: 4.075 GC heap after
{Heap after GC invocations=18 (full 0):
 garbage-first heap   total 133120K, used 54534K [0x0000000085800000, 0x0000000100000000)
  region size 1024K, 1 young (1024K), 1 survivors (1024K)
 Metaspace       used 58426K, committed 58752K, reserved 1114112K
  class space    used 6867K, committed 7040K, reserved 1048576K
}
Event: 5.454 GC heap before
{Heap before GC invocations=18 (full 0):
 garbage-first heap   total 133120K, used 105734K [0x0000000085800000, 0x0000000100000000)
  region size 1024K, 51 young (52224K), 1 survivors (1024K)
 Metaspace       used 65423K, committed 65728K, reserved 1114112K
  class space    used 7645K, committed 7808K, reserved 1048576K
}
Event: 5.462 GC heap after
{Heap after GC invocations=19 (full 0):
 garbage-first heap   total 133120K, used 61676K [0x0000000085800000, 0x0000000100000000)
  region size 1024K, 7 young (7168K), 7 survivors (7168K)
 Metaspace       used 65423K, committed 65728K, reserved 1114112K
  class space    used 7645K, committed 7808K, reserved 1048576K
}
Event: 6.625 GC heap before
{Heap before GC invocations=19 (full 0):
 garbage-first heap   total 133120K, used 103660K [0x0000000085800000, 0x0000000100000000)
  region size 1024K, 48 young (49152K), 7 survivors (7168K)
 Metaspace       used 67919K, committed 68224K, reserved 1114112K
  class space    used 7764K, committed 7936K, reserved 1048576K
}
Event: 6.637 GC heap after
{Heap after GC invocations=20 (full 0):
 garbage-first heap   total 133120K, used 67253K [0x0000000085800000, 0x0000000100000000)
  region size 1024K, 6 young (6144K), 6 survivors (6144K)
 Metaspace       used 67919K, committed 68224K, reserved 1114112K
  class space    used 7764K, committed 7936K, reserved 1048576K
}
Event: 7.202 GC heap before
{Heap before GC invocations=20 (full 0):
 garbage-first heap   total 133120K, used 104117K [0x0000000085800000, 0x0000000100000000)
  region size 1024K, 42 young (43008K), 6 survivors (6144K)
 Metaspace       used 74156K, committed 74432K, reserved 1179648K
  class space    used 8396K, committed 8512K, reserved 1048576K
}
Event: 7.212 GC heap after
{Heap after GC invocations=21 (full 0):
 garbage-first heap   total 133120K, used 70692K [0x0000000085800000, 0x0000000100000000)
  region size 1024K, 4 young (4096K), 4 survivors (4096K)
 Metaspace       used 74156K, committed 74432K, reserved 1179648K
  class space    used 8396K, committed 8512K, reserved 1048576K
}
Event: 7.654 GC heap before
{Heap before GC invocations=22 (full 0):
 garbage-first heap   total 133120K, used 106532K [0x0000000085800000, 0x0000000100000000)
  region size 1024K, 39 young (39936K), 4 survivors (4096K)
 Metaspace       used 75739K, committed 76032K, reserved 1179648K
  class space    used 8578K, committed 8704K, reserved 1048576K
}
Event: 7.667 GC heap after
{Heap after GC invocations=23 (full 0):
 garbage-first heap   total 133120K, used 77824K [0x0000000085800000, 0x0000000100000000)
  region size 1024K, 5 young (5120K), 5 survivors (5120K)
 Metaspace       used 75739K, committed 76032K, reserved 1179648K
  class space    used 8578K, committed 8704K, reserved 1048576K
}
Event: 7.682 GC heap before
{Heap before GC invocations=23 (full 0):
 garbage-first heap   total 133120K, used 77824K [0x0000000085800000, 0x0000000100000000)
  region size 1024K, 6 young (6144K), 5 survivors (5120K)
 Metaspace       used 76026K, committed 76288K, reserved 1179648K
  class space    used 8598K, committed 8704K, reserved 1048576K
}
Event: 7.692 GC heap after
{Heap after GC invocations=24 (full 0):
 garbage-first heap   total 133120K, used 78410K [0x0000000085800000, 0x0000000100000000)
  region size 1024K, 1 young (1024K), 1 survivors (1024K)
 Metaspace       used 76026K, committed 76288K, reserved 1179648K
  class space    used 8598K, committed 8704K, reserved 1048576K
}
Event: 8.097 GC heap before
{Heap before GC invocations=24 (full 0):
 garbage-first heap   total 133120K, used 106058K [0x0000000085800000, 0x0000000100000000)
  region size 1024K, 28 young (28672K), 1 survivors (1024K)
 Metaspace       used 81147K, committed 81472K, reserved 1179648K
  class space    used 9182K, committed 9344K, reserved 1048576K
}

