# JRE version: OpenJDK Runtime Environment (11.0.15) (build 11.0.15+0-b2043.56-9505619)
# Java VM: OpenJDK 64-Bit Server VM (11.0.15+0-b2043.56-9505619, mixed mode, tiered, compressed oops, g1 gc, windows-amd64)
Heap:
 garbage-first heap   total 477184K, used 222720K [0x0000000080000000, 0x0000000100000000)
  region size 1024K, 3 young (3072K), 3 survivors (3072K)
 Metaspace       used 99848K, capacity 102778K, committed 103132K, reserved 1138688K
  class space    used 13133K, capacity 14253K, committed 14400K, reserved 1048576K
GC Heap History (20 events):
Event: 12.420 GC heap after
{Heap after GC invocations=35 (full 0):
 garbage-first heap   total 220160K, used 149790K [0x0000000080000000, 0x0000000100000000)
  region size 1024K, 6 young (6144K), 6 survivors (6144K)
 Metaspace       used 95258K, capacity 97983K, committed 98396K, reserved 1134592K
  class space    used 12586K, capacity 13627K, committed 13760K, reserved 1048576K
}
Event: 12.585 GC heap before
{Heap before GC invocations=35 (full 0):
 garbage-first heap   total 220160K, used 176414K [0x0000000080000000, 0x0000000100000000)
  region size 1024K, 33 young (33792K), 6 survivors (6144K)
 Metaspace       used 95597K, capacity 98332K, committed 98652K, reserved 1134592K
  class space    used 12605K, capacity 13631K, committed 13760K, reserved 1048576K
}
Event: 12.604 GC heap after
{Heap after GC invocations=36 (full 0):
 garbage-first heap   total 220160K, used 164469K [0x0000000080000000, 0x0000000100000000)
  region size 1024K, 5 young (5120K), 5 survivors (5120K)
 Metaspace       used 95597K, capacity 98332K, committed 98652K, reserved 1134592K
  class space    used 12605K, capacity 13631K, committed 13760K, reserved 1048576K
}
Event: 12.699 GC heap before
{Heap before GC invocations=36 (full 0):
 garbage-first heap   total 220160K, used 181877K [0x0000000080000000, 0x0000000100000000)
  region size 1024K, 22 young (22528K), 5 survivors (5120K)
 Metaspace       used 95621K, capacity 98332K, committed 98652K, reserved 1134592K
  class space    used 12605K, capacity 13631K, committed 13760K, reserved 1048576K
}
Event: 12.710 GC heap after
{Heap after GC invocations=37 (full 0):
 garbage-first heap   total 290816K, used 174390K [0x0000000080000000, 0x0000000100000000)
  region size 1024K, 3 young (3072K), 3 survivors (3072K)
 Metaspace       used 95621K, capacity 98332K, committed 98652K, reserved 1134592K
  class space    used 12605K, capacity 13631K, committed 13760K, reserved 1048576K
}
Event: 12.918 GC heap before
{Heap before GC invocations=38 (full 0):
 garbage-first heap   total 290816K, used 216374K [0x0000000080000000, 0x0000000100000000)
  region size 1024K, 42 young (43008K), 3 survivors (3072K)
 Metaspace       used 95670K, capacity 98399K, committed 98652K, reserved 1134592K
  class space    used 12605K, capacity 13631K, committed 13760K, reserved 1048576K
}
Event: 12.934 GC heap after
{Heap after GC invocations=39 (full 0):
 garbage-first heap   total 290816K, used 198656K [0x0000000080000000, 0x0000000100000000)
  region size 1024K, 6 young (6144K), 6 survivors (6144K)
 Metaspace       used 95670K, capacity 98399K, committed 98652K, reserved 1134592K
  class space    used 12605K, capacity 13631K, committed 13760K, reserved 1048576K
}
Event: 13.167 GC heap before
{Heap before GC invocations=39 (full 0):
 garbage-first heap   total 290816K, used 226304K [0x0000000080000000, 0x0000000100000000)
  region size 1024K, 35 young (35840K), 6 survivors (6144K)
 Metaspace       used 98209K, capacity 101046K, committed 101340K, reserved 1136640K
  class space    used 12957K, capacity 14039K, committed 14144K, reserved 1048576K
}
Event: 13.180 GC heap after
{Heap after GC invocations=40 (full 0):
 garbage-first heap   total 290816K, used 204705K [0x0000000080000000, 0x0000000100000000)
  region size 1024K, 5 young (5120K), 5 survivors (5120K)
 Metaspace       used 98209K, capacity 101046K, committed 101340K, reserved 1136640K
  class space    used 12957K, capacity 14039K, committed 14144K, reserved 1048576K
}
Event: 13.438 GC heap before
{Heap before GC invocations=40 (full 0):
 garbage-first heap   total 290816K, used 221089K [0x0000000080000000, 0x0000000100000000)
  region size 1024K, 33 young (33792K), 5 survivors (5120K)
 Metaspace       used 98879K, capacity 101832K, committed 101980K, reserved 1136640K
  class space    used 13055K, capacity 14166K, committed 14272K, reserved 1048576K
}
Event: 13.444 GC heap after
{Heap after GC invocations=41 (full 0):
 garbage-first heap   total 290816K, used 196325K [0x0000000080000000, 0x0000000100000000)
  region size 1024K, 5 young (5120K), 5 survivors (5120K)
 Metaspace       used 98879K, capacity 101832K, committed 101980K, reserved 1136640K
  class space    used 13055K, capacity 14166K, committed 14272K, reserved 1048576K
}
Event: 13.615 GC heap before
{Heap before GC invocations=42 (full 0):
 garbage-first heap   total 290816K, used 229093K [0x0000000080000000, 0x0000000100000000)
  region size 1024K, 37 young (37888K), 5 survivors (5120K)
 Metaspace       used 99362K, capacity 102385K, committed 102492K, reserved 1138688K
  class space    used 13110K, capacity 14238K, committed 14272K, reserved 1048576K
}
Event: 13.625 GC heap after
{Heap after GC invocations=43 (full 0):
 garbage-first heap   total 401408K, used 199491K [0x0000000080000000, 0x0000000100000000)
  region size 1024K, 4 young (4096K), 4 survivors (4096K)
 Metaspace       used 99362K, capacity 102385K, committed 102492K, reserved 1138688K
  class space    used 13110K, capacity 14238K, committed 14272K, reserved 1048576K
}
Event: 13.749 GC heap before
{Heap before GC invocations=43 (full 0):
 garbage-first heap   total 401408K, used 216899K [0x0000000080000000, 0x0000000100000000)
  region size 1024K, 19 young (19456K), 4 survivors (4096K)
 Metaspace       used 99376K, capacity 102386K, committed 102492K, reserved 1138688K
  class space    used 13110K, capacity 14238K, committed 14272K, reserved 1048576K
}
Event: 13.758 GC heap after
{Heap after GC invocations=44 (full 0):
 garbage-first heap   total 401408K, used 203197K [0x0000000080000000, 0x0000000100000000)
  region size 1024K, 3 young (3072K), 3 survivors (3072K)
 Metaspace       used 99376K, capacity 102386K, committed 102492K, reserved 1138688K
  class space    used 13110K, capacity 14238K, committed 14272K, reserved 1048576K
}
Event: 13.771 GC heap before
{Heap before GC invocations=44 (full 0):
 garbage-first heap   total 401408K, used 204221K [0x0000000080000000, 0x0000000100000000)
  region size 1024K, 5 young (5120K), 3 survivors (3072K)
 Metaspace       used 99376K, capacity 102386K, committed 102492K, reserved 1138688K
  class space    used 13110K, capacity 14238K, committed 14272K, reserved 1048576K
}
Event: 13.779 GC heap after
{Heap after GC invocations=45 (full 0):
 garbage-first heap   total 401408K, used 203962K [0x0000000080000000, 0x0000000100000000)
  region size 1024K, 4 young (4096K), 4 survivors (4096K)
 Metaspace       used 99376K, capacity 102386K, committed 102492K, reserved 1138688K
  class space    used 13110K, capacity 14238K, committed 14272K, reserved 1048576K
}
Event: 14.522 GC heap before
{Heap before GC invocations=46 (full 0):
 garbage-first heap   total 401408K, used 282810K [0x0000000080000000, 0x0000000100000000)
  region size 1024K, 68 young (69632K), 4 survivors (4096K)
 Metaspace       used 99847K, capacity 102778K, committed 103132K, reserved 1138688K
  class space    used 13133K, capacity 14253K, committed 14400K, reserved 1048576K
}
Event: 14.535 GC heap after
{Heap after GC invocations=47 (full 0):
 garbage-first heap   total 401408K, used 221565K [0x0000000080000000, 0x0000000100000000)
  region size 1024K, 7 young (7168K), 7 survivors (7168K)
 Metaspace       used 99847K, capacity 102778K, committed 103132K, reserved 1138688K
  class space    used 13133K, capacity 14253K, committed 14400K, reserved 1048576K
}
Event: 14.613 GC heap before
{Heap before GC invocations=47 (full 0):
 garbage-first heap   total 401408K, used 234877K [0x0000000080000000, 0x0000000100000000)
  region size 1024K, 19 young (19456K), 7 survivors (7168K)
 Metaspace       used 99848K, capacity 102778K, committed 103132K, reserved 1138688K
  class space    used 13133K, capacity 14253K, committed 14400K, reserved 1048576K
}

